============================================================
NMF Leiden Clustering - Array Job Submission
============================================================
Config file: /scratch/groups/sartandi/rcai2/projects/nmf-leiden-clustering/config/nmf_leiden_configs.txt
Number of configurations: 24

Configurations to run:
  1) 5 60 0.05
  2) 5 60 0.1
  3) 5 90 0.05
  4) 5 90 0.1
  5) 5 120 0.05
  6) 5 120 0.1
  7) 8 60 0.05
  8) 8 60 0.1
  9) 8 90 0.05
 10) 8 90 0.1
 11) 8 120 0.05
 12) 8 120 0.1
 13) 10 60 0.05
 14) 10 60 0.1
 15) 10 90 0.05
 16) 10 90 0.1
 17) 10 120 0.05
 18) 10 120 0.1
 19) 12 60 0.05
 20) 12 60 0.1
 21) 12 90 0.05
 22) 12 90 0.1
 23) 12 120 0.05
 24) 12 120 0.1

============================================================
Submitting array job...
sbatch: error: MaxSubmitJobsPerAccount
sbatch: error: Batch job submission failed: Job violates accounting/QOS policy (job submit limit, user's size and/or time limits)
